<?xml version="1.0" encoding="UTF-8"?>
<!-- Generated by org.testng.reporters.JUnitReportReporter -->
<testsuite hostname="DESKTOP-55C00D3" failures="0" tests="1" name="com.cg.maven.testing.SeleniumTest" time="0.005" errors="0" timestamp="2022-09-29T07:41:57 IST" skipped="0">
  <testcase classname="com.cg.maven.testing.SeleniumTest" name="dashboard" time="0.005"/>
  <system-out/>
</testsuite> <!-- com.cg.maven.testing.SeleniumTest -->
