<?xml version="1.0" encoding="UTF-8"?>
<!-- Generated by org.testng.reporters.JUnitReportReporter -->
<testsuite hostname="DESKTOP-55C00D3" failures="0" tests="1" name="com.cg.maven.testing.Parameters" time="0.007" errors="0" timestamp="2022-02-11T11:04:56 IST" skipped="0">
  <testcase classname="com.cg.maven.testing.Parameters" name="getparameter" time="0.007"/>
  <system-out/>
</testsuite> <!-- com.cg.maven.testing.Parameters -->
